[debug] [2026-03-27T21:04:02.141Z] ----------------------------------------------------------------------
[debug] [2026-03-27T21:04:02.142Z] ----------------------------------------------------------------------
[debug] [2026-03-27T21:04:02.145Z] Command:       /Users/jasoneggert/.n/bin/node /Users/jasoneggert/.n/bin/firebase use
[debug] [2026-03-27T21:04:02.145Z] CLI Version:   15.12.0
[debug] [2026-03-27T21:04:02.145Z] Platform:      darwin
[debug] [2026-03-27T21:04:02.145Z] Node Version:  v24.13.0
[debug] [2026-03-27T21:04:02.145Z] Time:          Fri Mar 27 2026 17:04:02 GMT-0400 (Eastern Daylight Time)
[debug] [2026-03-27T21:04:02.146Z] ----------------------------------------------------------------------
[debug] 
[debug] [2026-03-27T21:04:02.220Z] > command requires scopes: ["email","openid","https://www.googleapis.com/auth/cloudplatformprojects.readonly","https://www.googleapis.com/auth/firebase","https://www.googleapis.com/auth/cloud-platform"]
[debug] [2026-03-27T21:04:02.220Z] > authorizing via signed-in user (eggert.jason@gmail.com)
[info] gertdotcom
[debug] [2026-03-27T21:04:02.145Z] Command:       /Users/jasoneggert/.n/bin/node /Users/jasoneggert/.n/bin/firebase projects:list
[debug] [2026-03-27T21:04:02.145Z] CLI Version:   15.12.0
[debug] [2026-03-27T21:04:02.145Z] Platform:      darwin
[debug] [2026-03-27T21:04:02.146Z] Node Version:  v24.13.0
[debug] [2026-03-27T21:04:02.146Z] Time:          Fri Mar 27 2026 17:04:02 GMT-0400 (Eastern Daylight Time)
[debug] [2026-03-27T21:04:02.146Z] ----------------------------------------------------------------------
[debug] 
[debug] [2026-03-27T21:04:02.220Z] > command requires scopes: ["email","openid","https://www.googleapis.com/auth/cloudplatformprojects.readonly","https://www.googleapis.com/auth/firebase","https://www.googleapis.com/auth/cloud-platform"]
[debug] [2026-03-27T21:04:02.220Z] > authorizing via signed-in user (eggert.jason@gmail.com)
[debug] [2026-03-27T21:04:02.222Z] Checked if tokens are valid: false, expires at: 1774643227927
[debug] [2026-03-27T21:04:02.222Z] Checked if tokens are valid: false, expires at: 1774643227927
[debug] [2026-03-27T21:04:02.222Z] > refreshing access token with scopes: []
[debug] [2026-03-27T21:04:02.223Z] >>> [apiv2][query] POST https://www.googleapis.com/oauth2/v3/token [none]
[debug] [2026-03-27T21:04:02.223Z] >>> [apiv2][body] POST https://www.googleapis.com/oauth2/v3/token [omitted]
[debug] [2026-03-27T21:04:02.412Z] <<< [apiv2][status] POST https://www.googleapis.com/oauth2/v3/token 200
[debug] [2026-03-27T21:04:02.412Z] <<< [apiv2][body] POST https://www.googleapis.com/oauth2/v3/token [omitted]
[debug] [2026-03-27T21:04:02.423Z] >>> [apiv2][query] GET https://firebase.googleapis.com/v1beta1/projects pageSize=1000
[debug] [2026-03-27T21:04:02.849Z] <<< [apiv2][status] GET https://firebase.googleapis.com/v1beta1/projects 200
[debug] [2026-03-27T21:04:02.849Z] <<< [apiv2][body] GET https://firebase.googleapis.com/v1beta1/projects [omitted]
[info] ┌──────────────────────┬──────────────────────┬────────────────┬──────────────────────┐
│ Project Display Name │ Project ID           │ Project Number │ Resource Location ID │
├──────────────────────┼──────────────────────┼────────────────┼──────────────────────┤
│ eggbytes             │ eggbytes-1a6de       │ 348853476271   │ [Not specified]      │
├──────────────────────┼──────────────────────┼────────────────┼──────────────────────┤
│ gertdotcom           │ gertdotcom (current) │ 279469700840   │ [Not specified]      │
└──────────────────────┴──────────────────────┴────────────────┴──────────────────────┘
[info] 
[info] 2 project(s) total.
